<?xml version="1.0" encoding="UTF-8"?>
<!-- Generated by org.testng.reporters.JUnitXMLReporter -->
<testsuite ignored="1" hostname="iBirds" failures="0" tests="3" name="Regression suite 1" time="0.063" errors="0" timestamp="2025-04-26T21:31:49 IST">
  <testcase classname="testngpractice.one" name="first" time="0.007"/>
  <testcase classname="testngpractice.two" name="first" time="0.001"/>
  <testcase classname="testngpractice.two" name="second" time="0.001"/>
  <testcase classname="testngpractice.one" name="second" time="0.0">
    <ignored/>
  </testcase> <!-- second -->
</testsuite> <!-- Regression suite 1 -->
