<?xml version="1.0" encoding="UTF-8"?>
<testng-results ignored="1" total="4" passed="3" failed="0" skipped="0">
  <reporter-output>
  </reporter-output>
  <suite started-at="2025-04-26T21:31:49 IST" name="example suite 1" finished-at="2025-04-26T21:31:49 IST" duration-ms="63">
    <groups>
    </groups>
    <test started-at="2025-04-26T21:31:49 IST" name="Regression suite 1" finished-at="2025-04-26T21:31:49 IST" duration-ms="63">
      <class name="testngpractice.one">
        <test-method signature="first()[pri:0, instance:testngpractice.one@7d0b7e3c]" started-at="2025-04-26T21:31:49 IST" name="first" finished-at="2025-04-26T21:31:49 IST" duration-ms="7" status="PASS">
          <reporter-output>
          </reporter-output>
        </test-method> <!-- first -->
      </class> <!-- testngpractice.one -->
      <class name="testngpractice.two">
        <test-method signature="first()[pri:0, instance:testngpractice.two@793f29ff]" started-at="2025-04-26T21:31:49 IST" name="first" finished-at="2025-04-26T21:31:49 IST" duration-ms="1" status="PASS">
          <reporter-output>
          </reporter-output>
        </test-method> <!-- first -->
        <test-method signature="second()[pri:0, instance:testngpractice.two@793f29ff]" started-at="2025-04-26T21:31:49 IST" name="second" finished-at="2025-04-26T21:31:49 IST" duration-ms="1" status="PASS">
          <reporter-output>
          </reporter-output>
        </test-method> <!-- second -->
      </class> <!-- testngpractice.two -->
    </test> <!-- Regression suite 1 -->
  </suite> <!-- example suite 1 -->
</testng-results>
